Arguments: 
  C:\Users\ROHIT\Downloads\aws\symptom_checker\symptoms\Scripts\node.exe C:\Users\ROHIT\Downloads\aws\symptom_checker\symptoms\Scripts\node_modules\yarn\bin\yarn.js init

PATH: 
  C:\Users\ROHIT\Downloads\aws\symptom_checker\symptoms/Scripts;C:\Program Files (x86)\Common Files\Oracle\Java\javapath;C:\ProgramData\Anaconda3;C:\ProgramData\Anaconda3\Library\mingw-w64\bin;C:\ProgramData\Anaconda3\Library\usr\bin;C:\ProgramData\Anaconda3\Library\bin;C:\ProgramData\Anaconda3\Scripts;C:\WINDOWS\system32;C:\WINDOWS;C:\WINDOWS\System32\Wbem;C:\WINDOWS\System32\WindowsPowerShell\v1.0\;C:\WINDOWS\System32\OpenSSH\;C:\Program Files\Git\cmd;C:\Program Files\Kubernetes\Minikube;C:\Users\ROHIT\Downloads\terraform_0.12.26_windows_amd64;C:\Program Files\Amazon\AWSCLIV2\;E:\dev\FlutterRg\flutter\bin;C:\Users\ROHIT\.poetry;C:\Users\ROHIT\Downloads\AppDynamics.DEXTER-core-win-20.8;C:\Users\ROHIT\.poetry\bin;C:\Users\ROHIT\AppData\Local\Microsoft\WindowsApps;E:\Programs\Microsoft VS Code\bin

Yarn version: 
  1.22.10

Node version: 
  15.3.0

Platform: 
  win32 x64

Trace: 
  Error: canceled
      at Interface.<anonymous> (C:\Users\ROHIT\Downloads\aws\symptom_checker\symptoms\Scripts\node_modules\yarn\lib\cli.js:136216:13)
      at Interface.emit (node:events:376:20)
      at Interface._ttyWrite (node:readline:880:16)
      at ReadStream.onkeypress (node:readline:213:10)
      at ReadStream.emit (node:events:376:20)
      at emitKeys (node:internal/readline/utils:345:14)
      at emitKeys.next (<anonymous>)
      at ReadStream.onData (node:readline:1149:36)
      at ReadStream.emit (node:events:376:20)
      at addChunk (node:internal/streams/readable:304:12)

npm manifest: 
  {}

yarn manifest: 
  No manifest

Lockfile: 
  # THIS IS AN AUTOGENERATED FILE. DO NOT EDIT THIS FILE DIRECTLY.
  # yarn lockfile v1
